<?xml version="1.0" encoding="UTF-8"?>
<!-- Generated by org.testng.reporters.JUnitReportReporter -->
<testsuite hostname="DESKTOP-7LDPBGD" failures="0" tests="1" name="Pages.HomePageTest" time="5.947" errors="0" timestamp="2022-09-20T21:01:07 EDT" skipped="0">
  <testcase classname="Pages.HomePageTest" name="logoTest" time="5.947"/>
  <system-out/>
</testsuite> <!-- Pages.HomePageTest -->
